<?xml version="1.0" encoding="UTF-8"?>
<testsuite name="ru.stqa.addressbook.tests.TestGroupModification" tests="1" skipped="0" failures="0" errors="0" timestamp="2021-01-21T18:38:53" hostname="VAIO" time="12.161">
  <properties/>
  <testcase name="testGroupModification" classname="ru.stqa.addressbook.tests.TestGroupModification" time="12.161"/>
  <system-out><![CDATA[]]></system-out>
  <system-err><![CDATA[Starting ChromeDriver 87.0.4280.88 (89e2380a3e36c3464b5dd1302349b1382549290d-refs/branch-heads/4280@{#1761}) on port 38300
Only local connections are allowed.
Please see https://chromedriver.chromium.org/security-considerations for suggestions on keeping ChromeDriver safe.
ChromeDriver was started successfully.
янв 21, 2021 9:38:57 PM org.openqa.selenium.remote.ProtocolHandshake createSession
INFO: Detected dialect: W3C
]]></system-err>
</testsuite>
