<?xml version="1.0" encoding="UTF-8"?>
<testsuite name="ru.stqa.addressbook.tests.TestContactCreation" tests="1" skipped="0" failures="0" errors="0" timestamp="2020-12-23T19:50:19" hostname="VAIO" time="9.707">
  <properties/>
  <testcase name="testContactCreation" classname="ru.stqa.addressbook.tests.TestContactCreation" time="9.707"/>
  <system-out><![CDATA[]]></system-out>
  <system-err><![CDATA[1608753020339	geckodriver	INFO	Listening on 127.0.0.1:41822
1608753021109	mozrunner::runner	INFO	Running command: "C:\\Program Files (x86)\\Mozilla Firefox\\firefox.exe" "--marionette" "-foreground" "-no-remote" "-profile" "C:\\Users\\Daria\\AppData\\Local\\Temp\\rust_mozprofiledg8R1X"
JavaScript error: resource://gre/modules/XULStore.jsm, line 66: Error: Can't find profile directory.
1608753024188	Marionette	INFO	Listening on port 51280
1608753024328	Marionette	WARN	TLS certificate errors will be ignored for this session
дек 23, 2020 10:50:24 PM org.openqa.selenium.remote.ProtocolHandshake createSession
INFO: Detected dialect: W3C
1608753027660	Marionette	INFO	Stopped listening on port 51280

###!!! [Child][RunMessage] Error: Channel closing: too late to send/recv, messages will be lost

]]></system-err>
</testsuite>
