<?xml version="1.0" encoding="UTF-8"?>
<testsuite name="ru.stqa.addressbook.tests.TestGroupDeletion" tests="1" skipped="0" failures="0" errors="0" timestamp="2020-12-23T18:46:34" hostname="VAIO" time="9.618">
  <properties/>
  <testcase name="testGroupDeletion" classname="ru.stqa.addressbook.tests.TestGroupDeletion" time="9.618"/>
  <system-out><![CDATA[]]></system-out>
  <system-err><![CDATA[1608749195075	geckodriver	INFO	Listening on 127.0.0.1:22157
1608749195995	mozrunner::runner	INFO	Running command: "C:\\Program Files (x86)\\Mozilla Firefox\\firefox.exe" "--marionette" "-foreground" "-no-remote" "-profile" "C:\\Users\\Daria\\AppData\\Local\\Temp\\rust_mozprofile6p9ays"
JavaScript error: resource://gre/modules/XULStore.jsm, line 66: Error: Can't find profile directory.
1608749199724	Marionette	INFO	Listening on port 63513
1608749199828	Marionette	WARN	TLS certificate errors will be ignored for this session
дек 23, 2020 9:46:39 PM org.openqa.selenium.remote.ProtocolHandshake createSession
INFO: Detected dialect: W3C
1608749202726	Marionette	INFO	Stopped listening on port 63513
[Parent 6516, Gecko_IOThread] WARNING: file /builds/worker/checkouts/gecko/ipc/chromium/src/base/process_util_win.cc, line 166

###!!! [Child][RunMessage] Error: Channel closing: too late to send/recv, messages will be lost


###!!! [Child][MessageChannel::SendAndWait] Error: Channel error: cannot send/recv

]]></system-err>
</testsuite>
