<?xml version="1.0" encoding="UTF-8"?>
<testsuite name="ru.stqa.addressbook.tests.TestContactDeletion" tests="1" skipped="0" failures="0" errors="0" timestamp="2020-12-23T19:42:45" hostname="VAIO" time="14.046">
  <properties/>
  <testcase name="testContactDeletion" classname="ru.stqa.addressbook.tests.TestContactDeletion" time="14.046"/>
  <system-out><![CDATA[]]></system-out>
  <system-err><![CDATA[1608752565991	geckodriver	INFO	Listening on 127.0.0.1:3017
1608752566809	mozrunner::runner	INFO	Running command: "C:\\Program Files (x86)\\Mozilla Firefox\\firefox.exe" "--marionette" "-foreground" "-no-remote" "-profile" "C:\\Users\\Daria\\AppData\\Local\\Temp\\rust_mozprofileDWAx1P"
JavaScript error: resource://gre/modules/XULStore.jsm, line 66: Error: Can't find profile directory.
1608752574429	Marionette	INFO	Listening on port 50766
1608752574473	Marionette	WARN	TLS certificate errors will be ignored for this session
дек 23, 2020 10:42:54 PM org.openqa.selenium.remote.ProtocolHandshake createSession
INFO: Detected dialect: W3C
1608752577879	Marionette	INFO	Stopped listening on port 50766

###!!! [Child][RunMessage] Error: Channel closing: too late to send/recv, messages will be lost


###!!! [Child][MessageChannel::SendAndWait] Error: Channel error: cannot send/recv

]]></system-err>
</testsuite>
