<?xml version="1.0" encoding="UTF-8"?>
<testsuite name="ru.stqa.addressbook.tests.TestGroupModification" tests="1" skipped="0" failures="0" errors="0" timestamp="2021-02-22T16:00:05" hostname="VAIO" time="5.109">
  <properties/>
  <testcase name="testGroupModification" classname="ru.stqa.addressbook.tests.TestGroupModification" time="5.109"/>
  <system-out><![CDATA[]]></system-out>
  <system-err><![CDATA[Starting ChromeDriver 87.0.4280.88 (89e2380a3e36c3464b5dd1302349b1382549290d-refs/branch-heads/4280@{#1761}) on port 24678
Only local connections are allowed.
Please see https://chromedriver.chromium.org/security-considerations for suggestions on keeping ChromeDriver safe.
ChromeDriver was started successfully.
[1614009606.858][WARNING]: This version of ChromeDriver has not been tested with Chrome version 88.
фев 22, 2021 7:00:07 PM org.openqa.selenium.remote.ProtocolHandshake createSession
INFO: Detected dialect: W3C
]]></system-err>
</testsuite>
