<?xml version="1.0" encoding="UTF-8"?>
<testsuite name="ru.stqa.addressbook.tests.TestContactCreation" tests="1" skipped="0" failures="0" errors="0" timestamp="2021-01-25T21:42:30" hostname="VAIO" time="8.795">
  <properties/>
  <testcase name="testContactCreation" classname="ru.stqa.addressbook.tests.TestContactCreation" time="8.795"/>
  <system-out><![CDATA[1
1
TestLastName
TestLastName
TestLastName
TestLastName
TestLastName
1
1
TestLastName
TestLastName
TestLastName
TestLastName
TestLastName
]]></system-out>
  <system-err><![CDATA[Starting ChromeDriver 87.0.4280.88 (89e2380a3e36c3464b5dd1302349b1382549290d-refs/branch-heads/4280@{#1761}) on port 3012
Only local connections are allowed.
Please see https://chromedriver.chromium.org/security-considerations for suggestions on keeping ChromeDriver safe.
ChromeDriver was started successfully.
янв 26, 2021 12:42:33 AM org.openqa.selenium.remote.ProtocolHandshake createSession
INFO: Detected dialect: W3C
]]></system-err>
</testsuite>
