<?xml version="1.0" encoding="UTF-8"?>
<testsuite name="ru.stqa.addressbook.tests.TestGroupDeletion" tests="1" skipped="0" failures="0" errors="0" timestamp="2020-12-21T20:59:15" hostname="VAIO" time="9.345">
  <properties/>
  <testcase name="testGroupDeletion" classname="ru.stqa.addressbook.tests.TestGroupDeletion" time="9.345"/>
  <system-out><![CDATA[]]></system-out>
  <system-err><![CDATA[1608584355858	geckodriver	INFO	Listening on 127.0.0.1:8281
1608584356674	mozrunner::runner	INFO	Running command: "C:\\Program Files (x86)\\Mozilla Firefox\\firefox.exe" "--marionette" "-foreground" "-no-remote" "-profile" "C:\\Users\\Daria\\AppData\\Local\\Temp\\rust_mozprofileebrB62"
JavaScript error: resource://gre/modules/XULStore.jsm, line 66: Error: Can't find profile directory.
1608584360845	Marionette	INFO	Listening on port 56375
1608584361032	Marionette	WARN	TLS certificate errors will be ignored for this session
дек 21, 2020 11:59:21 PM org.openqa.selenium.remote.ProtocolHandshake createSession
INFO: Detected dialect: W3C
1608584363551	Marionette	INFO	Stopped listening on port 56375

###!!! [Child][RunMessage] Error: Channel closing: too late to send/recv, messages will be lost

]]></system-err>
</testsuite>
