<?xml version="1.0" encoding="UTF-8"?>
<testsuite name="ru.stqa.addressbook.tests.TestContactCreation" tests="1" skipped="0" failures="0" errors="0" timestamp="2020-12-23T19:31:20" hostname="VAIO" time="11.571">
  <properties/>
  <testcase name="testContactCreation" classname="ru.stqa.addressbook.tests.TestContactCreation" time="11.571"/>
  <system-out><![CDATA[]]></system-out>
  <system-err><![CDATA[1608751881492	geckodriver	INFO	Listening on 127.0.0.1:24873
1608751882314	mozrunner::runner	INFO	Running command: "C:\\Program Files (x86)\\Mozilla Firefox\\firefox.exe" "--marionette" "-foreground" "-no-remote" "-profile" "C:\\Users\\Daria\\AppData\\Local\\Temp\\rust_mozprofileC19vP0"
JavaScript error: resource://gre/modules/XULStore.jsm, line 66: Error: Can't find profile directory.
1608751886540	Marionette	INFO	Listening on port 50105
1608751886654	Marionette	WARN	TLS certificate errors will be ignored for this session
дек 23, 2020 10:31:26 PM org.openqa.selenium.remote.ProtocolHandshake createSession
INFO: Detected dialect: W3C
1608751890998	Marionette	INFO	Stopped listening on port 50105

###!!! [Child][RunMessage] Error: Channel closing: too late to send/recv, messages will be lost


###!!! [Child][MessageChannel::SendAndWait] Error: Channel error: cannot send/recv

]]></system-err>
</testsuite>
