<?xml version="1.0" encoding="UTF-8"?>
<testsuite name="ru.stqa.addressbook.tests.TestGroupCreation" tests="1" skipped="0" failures="0" errors="0" timestamp="2020-12-27T20:53:31" hostname="VAIO" time="5.679">
  <properties/>
  <testcase name="testGroupCreation" classname="ru.stqa.addressbook.tests.TestGroupCreation" time="5.679"/>
  <system-out><![CDATA[]]></system-out>
  <system-err><![CDATA[Starting ChromeDriver 87.0.4280.88 (89e2380a3e36c3464b5dd1302349b1382549290d-refs/branch-heads/4280@{#1761}) on port 36987
Only local connections are allowed.
Please see https://chromedriver.chromium.org/security-considerations for suggestions on keeping ChromeDriver safe.
ChromeDriver was started successfully.
дек 27, 2020 11:53:34 PM org.openqa.selenium.remote.ProtocolHandshake createSession
INFO: Detected dialect: W3C
]]></system-err>
</testsuite>
