<?xml version="1.0" encoding="UTF-8"?>
<testsuite name="ru.stqa.addressbook.tests.TestContactDeletion" tests="1" skipped="0" failures="0" errors="0" timestamp="2021-02-22T15:59:39" hostname="VAIO" time="10.599">
  <properties/>
  <testcase name="testContactDeletion" classname="ru.stqa.addressbook.tests.TestContactDeletion" time="10.599"/>
  <system-out><![CDATA[]]></system-out>
  <system-err><![CDATA[Starting ChromeDriver 87.0.4280.88 (89e2380a3e36c3464b5dd1302349b1382549290d-refs/branch-heads/4280@{#1761}) on port 4158
Only local connections are allowed.
Please see https://chromedriver.chromium.org/security-considerations for suggestions on keeping ChromeDriver safe.
ChromeDriver was started successfully.
[1614009580.218][WARNING]: This version of ChromeDriver has not been tested with Chrome version 88.
фев 22, 2021 6:59:41 PM org.openqa.selenium.remote.ProtocolHandshake createSession
INFO: Detected dialect: W3C
]]></system-err>
</testsuite>
