<?xml version="1.0" encoding="UTF-8"?>
<testsuite name="ru.stqa.addressbook.tests.TestGroupCreation" tests="1" skipped="0" failures="0" errors="0" timestamp="2021-01-25T19:23:39" hostname="VAIO" time="11.633">
  <properties/>
  <testcase name="testGroupCreation" classname="ru.stqa.addressbook.tests.TestGroupCreation" time="11.633"/>
  <system-out><![CDATA[]]></system-out>
  <system-err><![CDATA[Starting ChromeDriver 87.0.4280.88 (89e2380a3e36c3464b5dd1302349b1382549290d-refs/branch-heads/4280@{#1761}) on port 17204
Only local connections are allowed.
Please see https://chromedriver.chromium.org/security-considerations for suggestions on keeping ChromeDriver safe.
ChromeDriver was started successfully.
янв 25, 2021 10:23:43 PM org.openqa.selenium.remote.ProtocolHandshake createSession
INFO: Detected dialect: W3C
]]></system-err>
</testsuite>
